<?xml version="1.0" encoding="UTF-8"?>
<testsuite xmlns:xsi="http://www.w3.org/2001/XMLSchema-instance" xsi:noNamespaceSchemaLocation="https://maven.apache.org/surefire/maven-surefire-plugin/xsd/surefire-test-report.xsd" name="com.gm.wj.service.UserServiceTest" time="8.625" tests="5" errors="0" skipped="0" failures="0">
  <properties>
[...]
</properties>
  <testcase name="testEdit_InvalidUsernameCase1" classname="com.gm.wj.service.UserServiceTest" time="0.33"/>
  <testcase name="testEdit_InvalidUsernameCase2" classname="com.gm.wj.service.UserServiceTest" time="0.015"/>
  <testcase name="testEdit_Normal" classname="com.gm.wj.service.UserServiceTest" time="0.065"/>
  <testcase name="testEdit_EmailIsNullOrEmpty" classname="com.gm.wj.service.UserServiceTest" time="0.028"/>
  <testcase name="testEdit_InvalidEmail" classname="com.gm.wj.service.UserServiceTest" time="0.017"/>
</testsuite>